2024-04-17 14:52:33.846 [http-nio-2002-exec-1] WARN  c.u.r.service.impl.FoodServiceImpl - No food item found with name: rie
2024-04-17 14:52:54.382 [http-nio-2002-exec-3] INFO  c.u.r.service.impl.FoodServiceImpl - Got FoodItemDto(foodName=Rice, foodPrice=950.00)
2024-04-17 17:04:42.262 [http-nio-2002-exec-7] INFO  c.u.r.service.impl.FoodServiceImpl - Retrieved all foods
2024-04-17 17:06:38.889 [http-nio-2002-exec-1] INFO  c.u.r.service.impl.FoodServiceImpl - Retrieved all foods
2024-04-17 17:08:21.745 [http-nio-2002-exec-6] INFO  c.u.r.service.impl.FoodServiceImpl - Retrieved all foods
2024-04-17 17:11:14.876 [http-nio-2002-exec-1] INFO  c.u.r.service.impl.FoodServiceImpl - Retrieved all foods
2024-04-17 17:15:17.539 [http-nio-2002-exec-1] INFO  c.u.r.service.impl.FoodServiceImpl - Retrieved all foods
2024-04-17 17:15:27.672 [http-nio-2002-exec-4] INFO  c.u.r.service.impl.FoodServiceImpl - Retrieved all foods
2024-04-17 17:23:28.208 [http-nio-2002-exec-1] INFO  c.u.r.service.impl.FoodServiceImpl - Retrieved all foods
2024-04-17 17:23:38.878 [http-nio-2002-exec-4] INFO  c.u.r.service.impl.FoodServiceImpl - Retrieved all foods
2024-04-18 09:01:11.741 [http-nio-2002-exec-2] INFO  c.u.r.service.impl.FoodServiceImpl - Retrieved all foods
2024-04-18 09:02:23.524 [http-nio-2002-exec-1] INFO  c.u.r.service.impl.FoodServiceImpl - Retrieved all foods
2024-04-18 09:02:53.102 [http-nio-2002-exec-3] INFO  c.u.r.service.impl.FoodServiceImpl - Retrieved all foods
2024-04-18 09:04:02.661 [http-nio-2002-exec-1] INFO  c.u.r.service.impl.FoodServiceImpl - Retrieved all foods
2024-04-18 09:09:33.909 [http-nio-2002-exec-6] INFO  c.u.r.service.impl.FoodServiceImpl - Retrieved all foods
2024-04-18 09:11:17.826 [http-nio-2002-exec-2] INFO  c.u.r.service.impl.FoodServiceImpl - Retrieved all foods
2024-04-18 09:18:08.893 [http-nio-2002-exec-2] INFO  c.u.r.service.impl.FoodServiceImpl - Retrieved all foods
2024-04-18 09:26:13.098 [http-nio-2002-exec-1] INFO  c.u.r.service.impl.FoodServiceImpl - Retrieved all foods
2024-04-18 09:26:26.402 [http-nio-2002-exec-3] INFO  c.u.r.service.impl.FoodServiceImpl - Retrieved all foods
2024-04-18 11:59:41.083 [http-nio-2002-exec-1] INFO  c.u.r.service.impl.FoodServiceImpl - Retrieved all foods
2024-04-18 12:02:47.473 [http-nio-2002-exec-4] INFO  c.u.r.service.impl.FoodServiceImpl - Retrieved all foods
2024-04-18 12:03:26.326 [http-nio-2002-exec-9] INFO  c.u.r.service.impl.FoodServiceImpl - Food added: Amala 100
2024-04-18 12:03:39.354 [http-nio-2002-exec-1] INFO  c.u.r.service.impl.FoodServiceImpl - Retrieved all foods
2024-04-18 12:14:27.844 [http-nio-2002-exec-7] INFO  c.u.r.service.impl.FoodServiceImpl - Food added: Eba 100
2024-04-18 12:16:29.529 [http-nio-2002-exec-7] INFO  c.u.r.service.impl.FoodServiceImpl - Food added: Starch 100
2024-04-18 12:16:55.178 [http-nio-2002-exec-1] INFO  c.u.r.service.impl.FoodServiceImpl - Retrieved all foods
2024-04-18 12:16:55.178 [http-nio-2002-exec-1] INFO  c.u.r.service.impl.FoodServiceImpl - Retrieved all foods from backend
2024-04-18 12:38:42.861 [http-nio-2002-exec-3] INFO  c.u.r.service.impl.FoodServiceImpl - Retrieved all foods
2024-04-18 12:38:42.862 [http-nio-2002-exec-3] INFO  c.u.r.service.impl.FoodServiceImpl - Retrieved all foods from cache
2024-04-18 12:45:32.781 [http-nio-2002-exec-1] INFO  c.u.r.service.impl.FoodServiceImpl - Retrieved all foods
2024-04-18 12:45:32.781 [http-nio-2002-exec-1] INFO  c.u.r.service.impl.FoodServiceImpl - Retrieved all foods from cache
2024-04-18 12:59:13.697 [http-nio-2002-exec-5] INFO  c.u.r.service.impl.FoodServiceImpl - Food added: kuli kuli 100
2024-04-18 12:59:33.828 [http-nio-2002-exec-1] INFO  c.u.r.service.impl.FoodServiceImpl - Retrieved all foods
2024-04-18 12:59:33.828 [http-nio-2002-exec-1] INFO  c.u.r.service.impl.FoodServiceImpl - Retrieved all foods from cache
2024-04-18 12:59:49.696 [http-nio-2002-exec-3] INFO  c.u.r.service.impl.FoodServiceImpl - Food added: kuli 100
2024-04-18 13:02:16.480 [http-nio-2002-exec-9] INFO  c.u.r.service.impl.FoodServiceImpl - Food updated from com.user.restaurantapp.model.FoodItem@2d35f06dto FoodItemDto(foodName=Kuli, foodPrice=10)
2024-04-18 13:04:56.494 [http-nio-2002-exec-4] INFO  c.u.r.service.impl.FoodServiceImpl - Food added: Chin 100
2024-04-18 13:05:20.921 [http-nio-2002-exec-4] INFO  c.u.r.service.impl.FoodServiceImpl - Retrieved all foods
2024-04-18 13:05:20.922 [http-nio-2002-exec-4] INFO  c.u.r.service.impl.FoodServiceImpl - Retrieved all foods from cache
2024-04-18 13:05:38.800 [http-nio-2002-exec-9] INFO  c.u.r.service.impl.FoodServiceImpl - Retrieved all foods
2024-04-18 13:05:38.801 [http-nio-2002-exec-9] INFO  c.u.r.service.impl.FoodServiceImpl - Retrieved all foods from cache
2024-04-18 13:05:49.160 [http-nio-2002-exec-1] INFO  c.u.r.service.impl.FoodServiceImpl - Retrieved all foods
2024-04-18 13:05:49.160 [http-nio-2002-exec-1] INFO  c.u.r.service.impl.FoodServiceImpl - Retrieved all foods from cache
2024-04-18 13:26:41.333 [http-nio-2002-exec-1] INFO  c.u.r.service.impl.FoodServiceImpl - Retrieved all foods
2024-04-18 13:26:41.334 [http-nio-2002-exec-1] INFO  c.u.r.service.impl.FoodServiceImpl - Retrieved all foods from cache
2024-04-18 13:36:47.046 [http-nio-2002-exec-3] INFO  c.u.r.service.impl.FoodServiceImpl - Retrieved all foods
2024-04-18 13:36:47.047 [http-nio-2002-exec-3] INFO  c.u.r.service.impl.FoodServiceImpl - Retrieved all foods from cache
2024-04-18 13:49:02.757 [http-nio-2002-exec-2] INFO  c.u.r.service.impl.FoodServiceImpl - Retrieved all foods
2024-04-18 13:49:02.758 [http-nio-2002-exec-2] INFO  c.u.r.service.impl.FoodServiceImpl - Retrieved all foods from cache
2024-04-18 13:49:26.264 [http-nio-2002-exec-9] INFO  c.u.r.service.impl.FoodServiceImpl - Food added: Fish 450
2024-04-18 13:49:31.519 [http-nio-2002-exec-10] INFO  c.u.r.service.impl.FoodServiceImpl - Retrieved all foods
2024-04-18 13:49:31.519 [http-nio-2002-exec-10] INFO  c.u.r.service.impl.FoodServiceImpl - Retrieved all foods from cache
2024-04-18 14:09:23.827 [http-nio-2002-exec-7] INFO  c.u.r.service.impl.FoodServiceImpl - Food Item: Beanswith price: 950.00 has been deleted
2024-04-18 14:10:04.860 [http-nio-2002-exec-9] ERROR c.u.r.service.impl.FoodServiceImpl - Failed to delete Food Item: " + foodItem.get().getFoodName()
"with price: " + foodItem.get().getFoodPrice().toString()
2024-05-02 09:00:09.731 [http-nio-2002-exec-1] INFO  c.u.r.service.impl.FoodServiceImpl - Retrieved all foods
2024-05-02 09:00:09.732 [http-nio-2002-exec-1] INFO  c.u.r.service.impl.FoodServiceImpl - Retrieved all foods from cache
2024-05-03 15:59:26.330 [http-nio-2002-exec-9] INFO  c.u.r.service.impl.FoodServiceImpl - Retrieved all foods
2024-05-03 15:59:26.331 [http-nio-2002-exec-9] INFO  c.u.r.service.impl.FoodServiceImpl - Retrieved all foods from cache
2024-05-08 09:58:53.052 [http-nio-2002-exec-4] INFO  c.u.r.service.impl.FoodServiceImpl - Retrieved all foods
2024-05-11 22:47:15.157 [http-nio-2002-exec-2] INFO  c.u.r.service.impl.FoodServiceImpl - Retrieved all foods
2024-05-11 22:47:28.520 [http-nio-2002-exec-8] INFO  c.u.r.service.impl.FoodServiceImpl - Food added: Beans 100
2024-05-11 22:47:32.551 [http-nio-2002-exec-9] INFO  c.u.r.service.impl.FoodServiceImpl - Retrieved all foods
2024-05-11 23:25:34.350 [http-nio-2002-exec-6] INFO  c.u.r.service.impl.FoodServiceImpl - Food added: beans 10
2024-05-12 11:02:18.465 [main] INFO  c.u.r.service.impl.FoodServiceImpl - Food added: Beans 10
2024-05-12 11:12:09.807 [main] INFO  c.u.r.service.impl.FoodServiceImpl - Food added: Beans 10
2024-05-12 15:50:47.308 [main] WARN  c.u.r.service.impl.FoodServiceImpl - Failed to add food: Food name is blank
2024-05-12 15:53:17.841 [main] WARN  c.u.r.service.impl.FoodServiceImpl - Failed to add food: Food name is blank
2024-05-12 15:57:17.711 [main] WARN  c.u.r.service.impl.FoodServiceImpl - Failed to add food: Food name is blank
2024-05-12 15:58:05.183 [main] WARN  c.u.r.service.impl.FoodServiceImpl - Failed to add food: Food name is blank
2024-05-12 16:01:04.095 [main] WARN  c.u.r.service.impl.FoodServiceImpl - Failed to add food: Food name is blank
2024-05-12 16:03:04.365 [main] WARN  c.u.r.service.impl.FoodServiceImpl - Failed to add food: Food name is blank
2024-05-12 16:07:16.172 [main] WARN  c.u.r.service.impl.FoodServiceImpl - Failed to add food: Food name is blank
2024-05-12 16:10:36.368 [main] WARN  c.u.r.service.impl.FoodServiceImpl - Failed to add food: Invalid food price
2024-05-12 16:15:52.725 [main] WARN  c.u.r.service.impl.FoodServiceImpl - Failed to add food: Food name is blank
2024-05-12 16:15:52.725 [main] WARN  c.u.r.service.impl.FoodServiceImpl - Failed to add food: Invalid food price
2024-05-12 16:43:52.937 [main] INFO  c.u.r.service.impl.FoodServiceImpl - Retrieved all foods
2024-06-05 14:40:18.726 [main] INFO  c.u.r.service.impl.FoodServiceImpl - Food added: Beans 10
2024-06-05 14:40:18.765 [main] WARN  c.u.r.service.impl.FoodServiceImpl - Failed to add food: Food name is blank
2024-06-05 14:40:18.766 [main] WARN  c.u.r.service.impl.FoodServiceImpl - Failed to add food: Invalid food price
2024-06-05 14:40:18.805 [main] INFO  c.u.r.service.impl.FoodServiceImpl - Retrieved all foods
2024-06-10 14:35:11.337 [main] INFO  c.u.r.service.impl.FoodServiceImpl - Food added: Beans 10
2024-06-10 14:35:11.636 [main] WARN  c.u.r.service.impl.FoodServiceImpl - Failed to add food: Food name is blank
2024-06-10 14:35:11.637 [main] WARN  c.u.r.service.impl.FoodServiceImpl - Failed to add food: Invalid food price
2024-06-10 14:35:11.663 [main] INFO  c.u.r.service.impl.FoodServiceImpl - Retrieved all foods
2024-06-10 14:39:22.307 [main] INFO  c.u.r.service.impl.FoodServiceImpl - Food added: Beans 10
2024-06-10 14:39:22.516 [main] WARN  c.u.r.service.impl.FoodServiceImpl - Failed to add food: Food name is blank
2024-06-10 14:39:22.517 [main] WARN  c.u.r.service.impl.FoodServiceImpl - Failed to add food: Invalid food price
2024-06-10 14:39:22.559 [main] INFO  c.u.r.service.impl.FoodServiceImpl - Retrieved all foods
2024-06-10 14:53:40.059 [main] INFO  c.u.r.service.impl.FoodServiceImpl - Food added: Beans 10
2024-06-10 14:53:40.224 [main] WARN  c.u.r.service.impl.FoodServiceImpl - Failed to add food: Food name is blank
2024-06-10 14:53:40.225 [main] WARN  c.u.r.service.impl.FoodServiceImpl - Failed to add food: Invalid food price
2024-06-10 14:53:40.254 [main] INFO  c.u.r.service.impl.FoodServiceImpl - Retrieved all foods
2024-06-10 14:59:52.237 [main] INFO  c.u.r.service.impl.FoodServiceImpl - Food added: Beans 10
2024-06-10 14:59:52.577 [main] WARN  c.u.r.service.impl.FoodServiceImpl - Failed to add food: Food name is blank
2024-06-10 14:59:52.585 [main] WARN  c.u.r.service.impl.FoodServiceImpl - Failed to add food: Invalid food price
2024-06-10 14:59:52.673 [main] INFO  c.u.r.service.impl.FoodServiceImpl - Retrieved all foods
2024-06-10 15:03:37.470 [main] INFO  c.u.r.service.impl.FoodServiceImpl - Food added: Beans 10
2024-06-10 15:03:37.655 [main] WARN  c.u.r.service.impl.FoodServiceImpl - Failed to add food: Food name is blank
2024-06-10 15:03:37.657 [main] WARN  c.u.r.service.impl.FoodServiceImpl - Failed to add food: Invalid food price
2024-06-10 15:03:37.682 [main] INFO  c.u.r.service.impl.FoodServiceImpl - Retrieved all foods
2024-06-10 15:08:33.019 [main] INFO  c.u.r.service.impl.FoodServiceImpl - Food added: Beans 10
2024-06-10 15:08:34.355 [main] WARN  c.u.r.service.impl.FoodServiceImpl - Failed to add food: Food name is blank
2024-06-10 15:08:34.357 [main] WARN  c.u.r.service.impl.FoodServiceImpl - Failed to add food: Invalid food price
2024-06-10 15:08:34.401 [main] INFO  c.u.r.service.impl.FoodServiceImpl - Retrieved all foods
2024-06-10 16:21:05.173 [main] INFO  c.u.r.service.impl.FoodServiceImpl - Food added: Beans 10
2024-06-10 16:21:05.388 [main] WARN  c.u.r.service.impl.FoodServiceImpl - Failed to add food: Food name is blank
2024-06-10 16:21:05.390 [main] WARN  c.u.r.service.impl.FoodServiceImpl - Failed to add food: Invalid food price
2024-06-10 16:21:05.413 [main] INFO  c.u.r.service.impl.FoodServiceImpl - Retrieved all foods
2024-06-13 09:10:02.435 [http-nio-2002-exec-5] INFO  c.u.r.service.impl.FoodServiceImpl - Retrieved all foods
2024-06-13 09:10:17.139 [http-nio-2002-exec-6] WARN  c.u.r.service.impl.FoodServiceImpl - No food item found with name: rice
2024-06-13 09:14:56.483 [main] INFO  c.u.r.service.impl.FoodServiceImpl - Food added: Beans 10
2024-06-13 09:14:56.737 [main] WARN  c.u.r.service.impl.FoodServiceImpl - Failed to add food: Food name is blank
2024-06-13 09:14:56.738 [main] WARN  c.u.r.service.impl.FoodServiceImpl - Failed to add food: Invalid food price
2024-06-13 09:14:56.783 [main] INFO  c.u.r.service.impl.FoodServiceImpl - Retrieved all foods
2024-06-19 11:49:28.342 [main] INFO  c.u.r.service.impl.FoodServiceImpl - Food added: Beans 10
2024-06-19 11:49:28.553 [main] WARN  c.u.r.service.impl.FoodServiceImpl - Failed to add food: Food name is blank
2024-06-19 11:49:28.556 [main] WARN  c.u.r.service.impl.FoodServiceImpl - Failed to add food: Invalid food price
2024-06-19 11:49:28.586 [main] INFO  c.u.r.service.impl.FoodServiceImpl - Retrieved all foods
2024-06-23 18:24:01.285 [http-nio-2002-exec-7] WARN  c.u.r.service.impl.FoodServiceImpl - Failed to add food: Food name is blank
2024-06-23 18:24:01.286 [http-nio-2002-exec-7] WARN  c.u.r.service.impl.FoodServiceImpl - Failed to add food: Invalid food price
2024-06-23 18:24:11.207 [http-nio-2002-exec-9] WARN  c.u.r.service.impl.FoodServiceImpl - Failed to add food: Food name is blank
2024-06-23 18:24:11.368 [http-nio-2002-exec-9] ERROR c.u.r.service.impl.FoodServiceImpl - Failed to add food: Validation failed for classes [com.user.restaurantapp.model.FoodItem] during persist time for groups [jakarta.validation.groups.Default, ]
List of constraint violations:[
	ConstraintViolationImpl{interpolatedMessage='must not be blank', propertyPath=foodName, rootBeanClass=class com.user.restaurantapp.model.FoodItem, messageTemplate='{jakarta.validation.constraints.NotBlank.message}'}
]
2024-06-23 18:29:02.960 [http-nio-2002-exec-1] ERROR c.u.r.service.impl.FoodServiceImpl - Failed to add food: Validation failed for classes [com.user.restaurantapp.model.FoodItem] during persist time for groups [jakarta.validation.groups.Default, ]
List of constraint violations:[
	ConstraintViolationImpl{interpolatedMessage='must not be blank', propertyPath=foodName, rootBeanClass=class com.user.restaurantapp.model.FoodItem, messageTemplate='{jakarta.validation.constraints.NotBlank.message}'}
]
2024-06-23 18:29:15.851 [http-nio-2002-exec-3] ERROR c.u.r.service.impl.FoodServiceImpl - Failed to add food: Validation failed for classes [com.user.restaurantapp.model.FoodItem] during persist time for groups [jakarta.validation.groups.Default, ]
List of constraint violations:[
	ConstraintViolationImpl{interpolatedMessage='must not be blank', propertyPath=foodName, rootBeanClass=class com.user.restaurantapp.model.FoodItem, messageTemplate='{jakarta.validation.constraints.NotBlank.message}'}
]
2024-06-23 18:29:31.414 [http-nio-2002-exec-1] ERROR c.u.r.service.impl.FoodServiceImpl - Failed to add food: Validation failed for classes [com.user.restaurantapp.model.FoodItem] during persist time for groups [jakarta.validation.groups.Default, ]
List of constraint violations:[
	ConstraintViolationImpl{interpolatedMessage='must not be blank', propertyPath=foodName, rootBeanClass=class com.user.restaurantapp.model.FoodItem, messageTemplate='{jakarta.validation.constraints.NotBlank.message}'}
]
2024-06-23 18:29:40.537 [http-nio-2002-exec-3] INFO  c.u.r.service.impl.FoodServiceImpl - MoiMoi food name is not blank
2024-06-23 18:29:40.537 [http-nio-2002-exec-3] WARN  c.u.r.service.impl.FoodServiceImpl - Failed to add food: Food name is blank
2024-06-23 18:29:40.666 [http-nio-2002-exec-3] INFO  c.u.r.service.impl.FoodServiceImpl - Food added: MoiMoi 10
2024-06-23 18:30:37.670 [http-nio-2002-exec-1] ERROR c.u.r.service.impl.FoodServiceImpl - Failed to add food: Validation failed for classes [com.user.restaurantapp.model.FoodItem] during persist time for groups [jakarta.validation.groups.Default, ]
List of constraint violations:[
	ConstraintViolationImpl{interpolatedMessage='must not be blank', propertyPath=foodName, rootBeanClass=class com.user.restaurantapp.model.FoodItem, messageTemplate='{jakarta.validation.constraints.NotBlank.message}'}
]
2024-06-23 18:30:47.830 [http-nio-2002-exec-3] ERROR c.u.r.service.impl.FoodServiceImpl - Failed to add food: Validation failed for classes [com.user.restaurantapp.model.FoodItem] during persist time for groups [jakarta.validation.groups.Default, ]
List of constraint violations:[
	ConstraintViolationImpl{interpolatedMessage='must not be blank', propertyPath=foodName, rootBeanClass=class com.user.restaurantapp.model.FoodItem, messageTemplate='{jakarta.validation.constraints.NotBlank.message}'}
]
2024-06-23 18:31:49.068 [http-nio-2002-exec-6] WARN  c.u.r.service.impl.FoodServiceImpl - Failed to add food: Invalid food price
2024-06-23 18:37:44.103 [http-nio-2002-exec-2] WARN  c.u.r.service.impl.FoodServiceImpl - Failed to add food: Food name is blank
2024-06-23 18:46:41.755 [http-nio-2002-exec-2] WARN  c.u.r.service.impl.FoodServiceImpl - Failed to add food: Food name is blank
2024-06-23 18:52:10.762 [http-nio-2002-exec-7] INFO  c.u.r.service.impl.FoodServiceImpl - Food added: Pap 100
2024-06-23 19:01:42.839 [http-nio-2002-exec-1] WARN  c.u.r.service.impl.FoodServiceImpl - Failed to add food: Invalid food price
2024-06-23 19:03:11.595 [http-nio-2002-exec-3] WARN  c.u.r.service.impl.FoodServiceImpl - Failed to add food: Food name is blank
2024-06-23 19:04:38.238 [http-nio-2002-exec-5] INFO  c.u.r.service.impl.FoodServiceImpl - Food added: Agidi 10
2024-06-23 19:23:33.572 [http-nio-2002-exec-2] WARN  c.u.r.service.impl.FoodServiceImpl - Failed to add food: Invalid food price
2024-06-23 23:16:16.159 [http-nio-2002-exec-6] INFO  c.u.r.service.impl.FoodServiceImpl - Retrieved all foods
2024-06-23 23:16:33.815 [http-nio-2002-exec-8] INFO  c.u.r.service.impl.FoodServiceImpl - Retrieved all foods
2024-06-23 23:16:40.053 [http-nio-2002-exec-10] INFO  c.u.r.service.impl.FoodServiceImpl - Retrieved all foods
2024-06-23 23:16:45.974 [http-nio-2002-exec-1] INFO  c.u.r.service.impl.FoodServiceImpl - Retrieved all foods
2024-06-23 23:17:09.707 [http-nio-2002-exec-3] INFO  c.u.r.service.impl.FoodServiceImpl - Got FoodItemDto(id=null, foodName=MoiMoi, foodPrice=10.00)
2024-06-24 09:58:12.663 [http-nio-2002-exec-1] WARN  c.u.r.service.impl.FoodServiceImpl - Failed to add food: Invalid food price
2024-06-25 12:03:56.906 [http-nio-2002-exec-2] INFO  c.u.r.service.impl.FoodServiceImpl - Retrieved all foods
2024-06-27 09:49:51.797 [http-nio-2002-exec-6] INFO  c.u.r.service.impl.FoodServiceImpl - Retrieved all foods 3
2024-07-06 23:10:57.241 [http-nio-2002-exec-2] INFO  c.u.r.service.impl.FoodServiceImpl - Retrieved all foods 3
2024-07-06 23:15:48.926 [http-nio-2002-exec-5] INFO  c.u.r.service.impl.FoodServiceImpl - Got FoodItemDto(id=null, foodName=MoiMoi, foodPrice=10.00)
2024-07-06 23:19:43.222 [http-nio-2002-exec-1] INFO  c.u.r.service.impl.FoodServiceImpl - Got FoodItemDto(id=null, foodName=MoiMoi, foodPrice=10.00)
2024-07-06 23:19:46.509 [http-nio-2002-exec-2] INFO  c.u.r.service.impl.FoodServiceImpl - Retrieved all foods 3
2024-07-06 23:21:09.423 [http-nio-2002-exec-1] INFO  c.u.r.service.impl.FoodServiceImpl - Got FoodDto(foodName=MoiMoi, foodPrice=10.00)
2024-07-06 23:22:38.632 [http-nio-2002-exec-1] INFO  c.u.r.service.impl.FoodServiceImpl - Got FoodItemDto(id=1, foodName=MoiMoi, foodPrice=10.00)
2024-07-07 17:58:37.302 [main] INFO  c.u.r.service.impl.FoodServiceImpl - Retrieved all foods 0
2024-07-07 17:59:37.271 [main] INFO  c.u.r.service.impl.FoodServiceImpl - Food added: Beans 10
2024-07-07 18:23:16.377 [main] INFO  c.u.r.service.impl.FoodServiceImpl - Food updated from FoodItem(id=1, foodName=Updated Name, foodPrice=1) to FoodDto(foodName=Updated Name, foodPrice=1)
2024-07-07 18:26:45.853 [main] INFO  c.u.r.service.impl.FoodServiceImpl - Food updated from FoodItem(id=1, foodName=Updated Name, foodPrice=1) to FoodDto(foodName=Updated Name, foodPrice=1)
2024-07-07 18:29:48.419 [main] INFO  c.u.r.service.impl.FoodServiceImpl - Food updated from FoodItem(id=1, foodName=, foodPrice=1) to FoodDto(foodName=, foodPrice=1)
2024-07-07 18:30:47.333 [main] ERROR c.u.r.service.impl.FoodServiceImpl - Food not found else food details did not update with id: 1 and FoodDto(foodName=Updated Name, foodPrice=1)
2024-07-07 18:31:18.844 [main] INFO  c.u.r.service.impl.FoodServiceImpl - Food updated from FoodItem(id=1, foodName=, foodPrice=1) to FoodDto(foodName=, foodPrice=1)
2024-07-07 18:35:59.875 [main] INFO  c.u.r.service.impl.FoodServiceImpl - Food updated from FoodItem(id=1, foodName=, foodPrice=1) to FoodDto(foodName=, foodPrice=1)
2024-07-10 09:39:24.963 [http-nio-2002-exec-6] INFO  c.u.r.service.impl.FoodServiceImpl - Food updated from FoodItem(id=1, foodName=, foodPrice=10) to FoodDto(foodName=, foodPrice=10)
2024-07-10 09:43:15.935 [http-nio-2002-exec-2] INFO  c.u.r.service.impl.FoodServiceImpl - Food updated from FoodItem(id=1, foodName=, foodPrice=10) to FoodDto(foodName=, foodPrice=10)
2024-07-10 09:46:11.012 [http-nio-2002-exec-3] INFO  c.u.r.service.impl.FoodServiceImpl - Retrieved all foods 3
2024-07-10 09:46:23.080 [http-nio-2002-exec-5] INFO  c.u.r.service.impl.FoodServiceImpl - Food updated from FoodItem(id=1, foodName=MoiMoi, foodPrice=10) to FoodDto(foodName=MoiMoi, foodPrice=10)
2024-07-10 10:17:02.984 [main] INFO  c.u.r.service.impl.FoodServiceImpl - Food updated from FoodItem(id=1, foodName=Updated Name, foodPrice=1) to FoodDto(foodName=Updated Name, foodPrice=1)
2024-07-10 10:19:59.502 [main] INFO  c.u.r.service.impl.FoodServiceImpl - Food updated from FoodItem(id=1, foodName=Updated Name, foodPrice=1) to FoodDto(foodName=Updated Name, foodPrice=1)
2024-07-10 10:21:23.427 [main] INFO  c.u.r.service.impl.FoodServiceImpl - Food updated from FoodItem(id=1, foodName=Updated Name, foodPrice=1) to FoodDto(foodName=Updated Name, foodPrice=1)
2024-07-10 10:21:23.543 [main] ERROR c.u.r.service.impl.FoodServiceImpl - Food not found else food details did not update with id: 1 and FoodDto(foodName=Updated Name, foodPrice=1)
2024-07-10 14:54:17.514 [http-nio-2002-exec-1] INFO  c.u.r.service.impl.FoodServiceImpl - Retrieved all foods 3
2024-07-13 20:04:41.337 [main] INFO  c.u.r.service.impl.FoodServiceImpl - Food Item: null 
with price: null
2024-07-13 20:05:04.219 [main] INFO  c.u.r.service.impl.FoodServiceImpl - Food Item: null 
with price: null
2024-07-13 20:07:43.990 [main] INFO  c.u.r.service.impl.FoodServiceImpl - Food Item: null 
with price: null
2024-07-13 20:08:58.358 [main] INFO  c.u.r.service.impl.FoodServiceImpl - Food Item: Beans 
with price: 10
2024-07-13 20:09:50.525 [main] INFO  c.u.r.service.impl.FoodServiceImpl - Food Item: null 
with price: null
2024-07-13 20:15:29.032 [main] INFO  c.u.r.service.impl.FoodServiceImpl - Food Item: null 
with price: null
2024-07-13 20:19:35.341 [main] INFO  c.u.r.service.impl.FoodServiceImpl - Food Item: Beans 
with price: 10
2024-07-13 20:23:38.245 [main] INFO  c.u.r.service.impl.FoodServiceImpl - Food Item: Beans 
with price: 10
2024-07-13 20:30:15.397 [main] INFO  c.u.r.service.impl.FoodServiceImpl - Food Item: Beans 
with price: 10
2024-07-13 20:37:26.007 [main] WARN  c.u.r.service.impl.FoodServiceImpl - Failed to add food: Food name is blank
2024-07-13 20:37:26.105 [main] WARN  c.u.r.service.impl.FoodServiceImpl - Failed to add food: Food name is blank
2024-07-13 20:37:26.126 [main] WARN  c.u.r.service.impl.FoodServiceImpl - Failed to add food: Food name is blank
2024-07-13 20:37:26.252 [main] WARN  c.u.r.service.impl.FoodServiceImpl - Failed to add food: Food name is blank
2024-07-14 00:13:46.970 [main] WARN  c.u.r.service.impl.FoodServiceImpl - Failed to add food: Food name is blank
2024-07-14 00:20:06.778 [main] WARN  c.u.r.service.impl.FoodServiceImpl - Failed to add food: Food name is blank
2024-07-14 00:23:03.363 [main] WARN  c.u.r.service.impl.FoodServiceImpl - Failed to add food: Food name is blank
2024-07-14 00:23:51.244 [main] WARN  c.u.r.service.impl.FoodServiceImpl - Failed to add food: Food name is blank
2024-07-14 00:28:49.430 [main] WARN  c.u.r.service.impl.FoodServiceImpl - Failed to add food: Food name is blank
2024-07-14 00:31:24.842 [main] WARN  c.u.r.service.impl.FoodServiceImpl - Failed to add food: Food name is blank
2024-07-14 00:32:26.453 [main] WARN  c.u.r.service.impl.FoodServiceImpl - Failed to add food: Food name is blank
2024-07-14 00:34:01.950 [main] INFO  c.u.r.service.impl.FoodServiceImpl - Food added: beans 10
2024-07-14 00:34:29.629 [main] INFO  c.u.r.service.impl.FoodServiceImpl - Food added: beans 10
2024-07-14 00:36:39.952 [main] INFO  c.u.r.service.impl.FoodServiceImpl - Food added: beans 10
2024-07-14 00:39:40.602 [main] INFO  c.u.r.service.impl.FoodServiceImpl - Food added: Beans 10
2024-07-14 00:45:22.896 [main] WARN  c.u.r.service.impl.FoodServiceImpl - Failed to add food: Food name is blank
2024-07-14 00:45:53.520 [main] WARN  c.u.r.service.impl.FoodServiceImpl - Failed to add food: Food name is blank
2024-07-14 00:46:48.511 [main] WARN  c.u.r.service.impl.FoodServiceImpl - Failed to add food: Food name is blank
2024-07-14 00:48:01.849 [main] WARN  c.u.r.service.impl.FoodServiceImpl - Failed to add food: Food name is blank
2024-07-14 00:49:07.796 [main] WARN  c.u.r.service.impl.FoodServiceImpl - Failed to add food: Food name is blank
2024-07-14 00:54:00.191 [main] WARN  c.u.r.service.impl.FoodServiceImpl - Failed to add food: Food name is blank
2024-07-14 00:54:00.282 [main] INFO  c.u.r.service.impl.FoodServiceImpl - Food added: Beans 10
2024-07-14 00:55:40.845 [main] WARN  c.u.r.service.impl.FoodServiceImpl - Failed to add food: Invalid food price
2024-07-14 22:20:54.214 [main] WARN  c.u.r.service.impl.FoodServiceImpl - Failed to add food: Food name is blank
2024-07-14 22:20:54.300 [main] INFO  c.u.r.service.impl.FoodServiceImpl - Food added: Beans 10
2024-07-14 22:20:54.360 [main] WARN  c.u.r.service.impl.FoodServiceImpl - Failed to add food: Invalid food price
2024-07-14 22:28:13.017 [main] WARN  c.u.r.service.impl.FoodServiceImpl - Failed to add food: Food name is blank
2024-07-14 22:28:13.236 [main] INFO  c.u.r.service.impl.FoodServiceImpl - Food added: Beans 10
2024-07-14 22:28:13.304 [main] WARN  c.u.r.service.impl.FoodServiceImpl - Failed to add food: Invalid food price
2024-07-14 22:35:17.848 [main] WARN  c.u.r.service.impl.FoodServiceImpl - Failed to add food: Food name is blank
2024-07-14 22:35:17.959 [main] INFO  c.u.r.service.impl.FoodServiceImpl - Food added: Beans 10
2024-07-14 22:35:18.097 [main] WARN  c.u.r.service.impl.FoodServiceImpl - Failed to add food: Invalid food price
2024-07-14 22:37:52.836 [main] WARN  c.u.r.service.impl.FoodServiceImpl - Failed to add food: Food name is blank
2024-07-14 22:37:52.959 [main] INFO  c.u.r.service.impl.FoodServiceImpl - Food added: Beans 10
2024-07-14 22:37:52.991 [main] WARN  c.u.r.service.impl.FoodServiceImpl - Failed to add food: Invalid food price
